[Licensing::Module] Trying to connect to existing licensing client channel...
[Licensing::IpcConnector] Successfully connected to: "LicenseClient-User" at "2026-04-03T13:26:07.6846695Z"
Built from '6000.4/staging' branch; Version is '6000.4.1f1 (8535861f39e1) revision 8729990'; Using compiler version '194234433'; Build Type 'Release'
OS: 'Windows 11  (10.0.26200) Professional' Language: 'ru' Physical Memory: 65405 MB
BatchMode: 1, IsHumanControllingUs: 0, StartBugReporterOnCrash: 0, Is64bit: 1
System  architecture: x64
Process architecture: x64
Date: 2026-04-03T13:26:07Z

COMMAND LINE ARGUMENTS:
D:\unity\Editor\6000.4.1f1\Editor\Unity.exe
-batchmode
-nographics
-quit
-projectPath
c:\Git\CoreAI
-runTests
-testPlatform
EditMode
-testResults
c:\Git\CoreAI\TestResults-EditMode.xml
-logFile
c:\Git\CoreAI\unity-editmode.log
Successfully changed project path to: c:\Git\CoreAI
C:/Git/CoreAI
Exiting without the bug reporter. Application will terminate with return code 1